Traceback (most recent call last):
  File "C:\Users\User\anaconda3\envs\cortex_clone\lib\site-packages\allensdk\api\warehouse_cache\cache.py", line 152, in load_manifest
    self.manifest = Manifest(
  File "C:\Users\User\anaconda3\envs\cortex_clone\lib\site-packages\allensdk\config\manifest.py", line 76, in __init__
    self.load_config(config, version=version)
  File "C:\Users\User\anaconda3\envs\cortex_clone\lib\site-packages\allensdk\config\manifest.py", line 128, in load_config
    raise ManifestVersionError("", version, found_version)
allensdk.config.manifest.ManifestVersionError

During handling of the above exception, another exception occurred:

Traceback (most recent call last):
  File "C:\Users\User\Desktop\Brain AI\cortex 4.2\cortex 4.2 v42\validator\validate_synapses_vs_allen.py", line 541, in run_validation
    allen_conn = load_allen_connectivity()
  File "C:\Users\User\Desktop\Brain AI\cortex 4.2\cortex 4.2 v42\validator\validate_synapses_vs_allen.py", line 173, in load_allen_connectivity
    mcc = MouseConnectivityCache(
  File "C:\Users\User\anaconda3\envs\cortex_clone\lib\site-packages\allensdk\core\mouse_connectivity_cache.py", line 151, in __init__
    super(MouseConnectivityCache, self).__init__(
  File "C:\Users\User\anaconda3\envs\cortex_clone\lib\site-packages\allensdk\core\reference_space_cache.py", line 70, in __init__
    super(ReferenceSpaceCache, self).__init__(**kwargs)
  File "C:\Users\User\anaconda3\envs\cortex_clone\lib\site-packages\allensdk\api\warehouse_cache\cache.py", line 105, in __init__
    self.load_manifest(manifest, version)
  File "C:\Users\User\anaconda3\envs\cortex_clone\lib\site-packages\allensdk\api\warehouse_cache\cache.py", line 165, in load_manifest
    raise ManifestVersionError(("Your manifest file (%s) %s" +
allensdk.config.manifest.ManifestVersionError: Your manifest file (C:\Users\User\Desktop\Brain AI\cortex 4.2\cortex 4.2 v42\validator\allen_cache\manifest.json) version did not match the expected version (its version is '1.1', but version '1.3' is expected).  Please remove this file and it will be regenerated for you the next time you instantiate this class. WARNING: There may be new data files available that replace the ones you already have downloaded. Read the notes for this release for more details on what has changed (https://github.com/alleninstitute/allensdk/wiki).
[Allen] Using cache dir: C:\Users\User\Desktop\Brain AI\cortex 4.2\cortex 4.2 v42\validator\allen_cache
[Allen] Skipping CSV cache - using Allen SDK cache directly
Using CPU (GPU not available)
[OK] Found EnhancedSynapse42PyTorch in cortex.cells.enhanced_synapses_42
================================================================================
CORTEX 4.2 Synapse Validation vs Allen Brain + Literature
================================================================================

[1/3] Comparing synaptic weights to Allen connectivity...

[DEBUG] Calling load_allen_connectivity()...
[Allen] Loading connectivity from local cache...
   [ERROR] Connectivity comparison failed!
   Exception type: ManifestVersionError
   Exception message: Your manifest file (C:\Users\User\Desktop\Brain AI\cortex 4.2\cortex 4.2 v42\validator\allen_cache\manifest.json) version did not match the expected version (its version is '1.1', but version '1.3' is expected).  Please remove this file and it will be regenerated for you the next time you instantiate this class. WARNING: There may be new data files available that replace the ones you already have downloaded. Read the notes for this release for more details on what has changed (https://github.com/alleninstitute/allensdk/wiki).

[2/3] Measuring Paired-Pulse Ratio (PPR)...
EnhancedSynapse42 PyTorch: Self=False, Device=cpu
[PRE] EnhancedSynapse42 spike=0.000 trace=0.000 t=1.000 ms
[POST] EnhancedSynapse42 spike=0.000 t=2.000 ms
[PRE] EnhancedSynapse42 spike=0.000 trace=0.000 t=3.000 ms
[POST] EnhancedSynapse42 spike=0.000 t=4.000 ms
[PRE] EnhancedSynapse42 spike=0.000 trace=0.000 t=5.000 ms
[POST] EnhancedSynapse42 spike=0.000 t=6.000 ms
[PRE] EnhancedSynapse42 spike=0.000 trace=0.000 t=7.000 ms
[POST] EnhancedSynapse42 spike=0.000 t=8.000 ms
[PRE] EnhancedSynapse42 spike=0.000 trace=0.000 t=9.000 ms
[POST] EnhancedSynapse42 spike=0.000 t=10.000 ms
[PRE] EnhancedSynapse42 spike=0.000 trace=0.000 t=11.000 ms
[POST] EnhancedSynapse42 spike=0.000 t=12.000 ms
[PRE] EnhancedSynapse42 spike=0.000 trace=0.000 t=13.000 ms
[POST] EnhancedSynapse42 spike=0.000 t=14.000 ms
[PRE] EnhancedSynapse42 spike=0.000 trace=0.000 t=15.000 ms
[POST] EnhancedSynapse42 spike=0.000 t=16.000 ms
[PRE] EnhancedSynapse42 spike=0.000 trace=0.000 t=17.000 ms
[POST] EnhancedSynapse42 spike=0.000 t=18.000 ms
[PRE] EnhancedSynapse42 spike=0.000 trace=0.000 t=19.000 ms
[POST] EnhancedSynapse42 spike=0.000 t=20.000 ms
[PRE] EnhancedSynapse42 spike=0.000 trace=0.000 t=21.000 ms
[POST] EnhancedSynapse42 spike=0.000 t=22.000 ms
[PRE] EnhancedSynapse42 spike=0.000 trace=0.000 t=23.000 ms
[POST] EnhancedSynapse42 spike=0.000 t=24.000 ms
[PRE] EnhancedSynapse42 spike=0.000 trace=0.000 t=25.000 ms
[POST] EnhancedSynapse42 spike=0.000 t=26.000 ms
[PRE] EnhancedSynapse42 spike=0.000 trace=0.000 t=27.000 ms
[POST] EnhancedSynapse42 spike=0.000 t=28.000 ms
[PRE] EnhancedSynapse42 spike=0.000 trace=0.000 t=29.000 ms
[POST] EnhancedSynapse42 spike=0.000 t=30.000 ms
[PRE] EnhancedSynapse42 spike=0.000 trace=0.000 t=31.000 ms
[POST] EnhancedSynapse42 spike=0.000 t=32.000 ms
[PRE] EnhancedSynapse42 spike=0.000 trace=0.000 t=33.000 ms
[POST] EnhancedSynapse42 spike=0.000 t=34.000 ms
[PRE] EnhancedSynapse42 spike=0.000 trace=0.000 t=35.000 ms
[POST] EnhancedSynapse42 spike=0.000 t=36.000 ms
[PRE] EnhancedSynapse42 spike=0.000 trace=0.000 t=37.000 ms
[POST] EnhancedSynapse42 spike=0.000 t=38.000 ms
[PRE] EnhancedSynapse42 spike=0.000 trace=0.000 t=39.000 ms
[POST] EnhancedSynapse42 spike=0.000 t=40.000 ms
[PRE] EnhancedSynapse42 spike=0.000 trace=0.000 t=41.000 ms
[POST] EnhancedSynapse42 spike=0.000 t=42.000 ms
[PRE] EnhancedSynapse42 spike=0.000 trace=0.000 t=43.000 ms
[POST] EnhancedSynapse42 spike=0.000 t=44.000 ms
[PRE] EnhancedSynapse42 spike=0.000 trace=0.000 t=45.000 ms
[POST] EnhancedSynapse42 spike=0.000 t=46.000 ms
[PRE] EnhancedSynapse42 spike=0.000 trace=0.000 t=47.000 ms
[POST] EnhancedSynapse42 spike=0.000 t=48.000 ms
[PRE] EnhancedSynapse42 spike=0.000 trace=0.000 t=49.000 ms
[POST] EnhancedSynapse42 spike=0.000 t=50.000 ms
[PRE] EnhancedSynapse42 spike=0.000 trace=0.000 t=51.000 ms
[POST] EnhancedSynapse42 spike=0.000 t=52.000 ms
[PRE] EnhancedSynapse42 spike=0.000 trace=0.000 t=53.000 ms
[POST] EnhancedSynapse42 spike=0.000 t=54.000 ms
[PRE] EnhancedSynapse42 spike=0.000 trace=0.000 t=55.000 ms
[POST] EnhancedSynapse42 spike=0.000 t=56.000 ms
[PRE] EnhancedSynapse42 spike=0.000 trace=0.000 t=57.000 ms
[POST] EnhancedSynapse42 spike=0.000 t=58.000 ms
[PRE] EnhancedSynapse42 spike=0.000 trace=0.000 t=59.000 ms
[POST] EnhancedSynapse42 spike=0.000 t=60.000 ms
[PRE] EnhancedSynapse42 spike=0.000 trace=0.000 t=61.000 ms
[POST] EnhancedSynapse42 spike=0.000 t=62.000 ms
[PRE] EnhancedSynapse42 spike=0.000 trace=0.000 t=63.000 ms
[POST] EnhancedSynapse42 spike=0.000 t=64.000 ms
[PRE] EnhancedSynapse42 spike=0.000 trace=0.000 t=65.000 ms
[POST] EnhancedSynapse42 spike=0.000 t=66.000 ms
[PRE] EnhancedSynapse42 spike=0.000 trace=0.000 t=67.000 ms
[POST] EnhancedSynapse42 spike=0.000 t=68.000 ms
[PRE] EnhancedSynapse42 spike=0.000 trace=0.000 t=69.000 ms
[POST] EnhancedSynapse42 spike=0.000 t=70.000 ms
[PRE] EnhancedSynapse42 spike=0.000 trace=0.000 t=71.000 ms
[POST] EnhancedSynapse42 spike=0.000 t=72.000 ms
[PRE] EnhancedSynapse42 spike=0.000 trace=0.000 t=73.000 ms
[POST] EnhancedSynapse42 spike=0.000 t=74.000 ms
[PRE] EnhancedSynapse42 spike=0.000 trace=0.000 t=75.000 ms
[POST] EnhancedSynapse42 spike=0.000 t=76.000 ms
[PRE] EnhancedSynapse42 spike=0.000 trace=0.000 t=77.000 ms
[POST] EnhancedSynapse42 spike=0.000 t=78.000 ms
[PRE] EnhancedSynapse42 spike=0.000 trace=0.000 t=79.000 ms
[POST] EnhancedSynapse42 spike=0.000 t=80.000 ms
[PRE] EnhancedSynapse42 spike=0.000 trace=0.000 t=81.000 ms
[POST] EnhancedSynapse42 spike=0.000 t=82.000 ms
[PRE] EnhancedSynapse42 spike=0.000 trace=0.000 t=83.000 ms
[POST] EnhancedSynapse42 spike=0.000 t=84.000 ms
[PRE] EnhancedSynapse42 spike=0.000 trace=0.000 t=85.000 ms
[POST] EnhancedSynapse42 spike=0.000 t=86.000 ms
[PRE] EnhancedSynapse42 spike=0.000 trace=0.000 t=87.000 ms
[POST] EnhancedSynapse42 spike=0.000 t=88.000 ms
[PRE] EnhancedSynapse42 spike=0.000 trace=0.000 t=89.000 ms
[POST] EnhancedSynapse42 spike=0.000 t=90.000 ms
[PRE] EnhancedSynapse42 spike=0.000 trace=0.000 t=91.000 ms
[POST] EnhancedSynapse42 spike=0.000 t=92.000 ms
[PRE] EnhancedSynapse42 spike=0.000 trace=0.000 t=93.000 ms
[POST] EnhancedSynapse42 spike=0.000 t=94.000 ms
[PRE] EnhancedSynapse42 spike=0.000 trace=0.000 t=95.000 ms
[POST] EnhancedSynapse42 spike=0.000 t=96.000 ms
[PRE] EnhancedSynapse42 spike=0.000 trace=0.000 t=97.000 ms
[POST] EnhancedSynapse42 spike=0.000 t=98.000 ms
[PRE] EnhancedSynapse42 spike=0.000 trace=0.000 t=99.000 ms
[POST] EnhancedSynapse42 spike=0.000 t=100.000 ms
[PRE] EnhancedSynapse42 spike=0.000 trace=0.000 t=101.000 ms
[POST] EnhancedSynapse42 spike=0.000 t=102.000 ms
[PRE] EnhancedSynapse42 spike=0.000 trace=0.000 t=103.000 ms
[POST] EnhancedSynapse42 spike=0.000 t=104.000 ms
[PRE] EnhancedSynapse42 spike=0.000 trace=0.000 t=105.000 ms
[POST] EnhancedSynapse42 spike=0.000 t=106.000 ms
[PRE] EnhancedSynapse42 spike=0.000 trace=0.000 t=107.000 ms
[POST] EnhancedSynapse42 spike=0.000 t=108.000 ms
[PRE] EnhancedSynapse42 spike=0.000 trace=0.000 t=109.000 ms
[POST] EnhancedSynapse42 spike=0.000 t=110.000 ms
[PRE] EnhancedSynapse42 spike=0.000 trace=0.000 t=111.000 ms
[POST] EnhancedSynapse42 spike=0.000 t=112.000 ms
[PRE] EnhancedSynapse42 spike=0.000 trace=0.000 t=113.000 ms
[POST] EnhancedSynapse42 spike=0.000 t=114.000 ms
[PRE] EnhancedSynapse42 spike=0.000 trace=0.000 t=115.000 ms
[POST] EnhancedSynapse42 spike=0.000 t=116.000 ms
[PRE] EnhancedSynapse42 spike=0.000 trace=0.000 t=117.000 ms
[POST] EnhancedSynapse42 spike=0.000 t=118.000 ms
[PRE] EnhancedSynapse42 spike=0.000 trace=0.000 t=119.000 ms
[POST] EnhancedSynapse42 spike=0.000 t=120.000 ms
[PRE] EnhancedSynapse42 spike=0.000 trace=0.000 t=121.000 ms
[POST] EnhancedSynapse42 spike=0.000 t=122.000 ms
[PRE] EnhancedSynapse42 spike=0.000 trace=0.000 t=123.000 ms
[POST] EnhancedSynapse42 spike=0.000 t=124.000 ms
[PRE] EnhancedSynapse42 spike=0.000 trace=0.000 t=125.000 ms
[POST] EnhancedSynapse42 spike=0.000 t=126.000 ms
[PRE] EnhancedSynapse42 spike=0.000 trace=0.000 t=127.000 ms
[POST] EnhancedSynapse42 spike=0.000 t=128.000 ms
[PRE] EnhancedSynapse42 spike=0.000 trace=0.000 t=129.000 ms
[POST] EnhancedSynapse42 spike=0.000 t=130.000 ms
[PRE] EnhancedSynapse42 spike=0.000 trace=0.000 t=131.000 ms
[POST] EnhancedSynapse42 spike=0.000 t=132.000 ms
[PRE] EnhancedSynapse42 spike=0.000 trace=0.000 t=133.000 ms
[POST] EnhancedSynapse42 spike=0.000 t=134.000 ms
[PRE] EnhancedSynapse42 spike=0.000 trace=0.000 t=135.000 ms
[POST] EnhancedSynapse42 spike=0.000 t=136.000 ms
[PRE] EnhancedSynapse42 spike=0.000 trace=0.000 t=137.000 ms
[POST] EnhancedSynapse42 spike=0.000 t=138.000 ms
[PRE] EnhancedSynapse42 spike=0.000 trace=0.000 t=139.000 ms
[POST] EnhancedSynapse42 spike=0.000 t=140.000 ms
[PRE] EnhancedSynapse42 spike=0.000 trace=0.000 t=141.000 ms
[POST] EnhancedSynapse42 spike=0.000 t=142.000 ms
[PRE] EnhancedSynapse42 spike=0.000 trace=0.000 t=143.000 ms
[POST] EnhancedSynapse42 spike=0.000 t=144.000 ms
[PRE] EnhancedSynapse42 spike=0.000 trace=0.000 t=145.000 ms
[POST] EnhancedSynapse42 spike=0.000 t=146.000 ms
[PRE] EnhancedSynapse42 spike=0.000 trace=0.000 t=147.000 ms
[POST] EnhancedSynapse42 spike=0.000 t=148.000 ms
[PRE] EnhancedSynapse42 spike=0.000 trace=0.000 t=149.000 ms
[POST] EnhancedSynapse42 spike=0.000 t=150.000 ms
[PRE] EnhancedSynapse42 spike=0.000 trace=0.000 t=151.000 ms
[POST] EnhancedSynapse42 spike=0.000 t=152.000 ms
[PRE] EnhancedSynapse42 spike=0.000 trace=0.000 t=153.000 ms
[POST] EnhancedSynapse42 spike=0.000 t=154.000 ms
[PRE] EnhancedSynapse42 spike=0.000 trace=0.000 t=155.000 ms
[POST] EnhancedSynapse42 spike=0.000 t=156.000 ms
[PRE] EnhancedSynapse42 spike=0.000 trace=0.000 t=157.000 ms
[POST] EnhancedSynapse42 spike=0.000 t=158.000 ms
[PRE] EnhancedSynapse42 spike=0.000 trace=0.000 t=159.000 ms
[POST] EnhancedSynapse42 spike=0.000 t=160.000 ms
[PRE] EnhancedSynapse42 spike=0.000 trace=0.000 t=161.000 ms
[POST] EnhancedSynapse42 spike=0.000 t=162.000 ms
[PRE] EnhancedSynapse42 spike=0.000 trace=0.000 t=163.000 ms
[POST] EnhancedSynapse42 spike=0.000 t=164.000 ms
[PRE] EnhancedSynapse42 spike=0.000 trace=0.000 t=165.000 ms
[POST] EnhancedSynapse42 spike=0.000 t=166.000 ms
[PRE] EnhancedSynapse42 spike=0.000 trace=0.000 t=167.000 ms
[POST] EnhancedSynapse42 spike=0.000 t=168.000 ms
[PRE] EnhancedSynapse42 spike=0.000 trace=0.000 t=169.000 ms
[POST] EnhancedSynapse42 spike=0.000 t=170.000 ms
[PRE] EnhancedSynapse42 spike=0.000 trace=0.000 t=171.000 ms
[POST] EnhancedSynapse42 spike=0.000 t=172.000 ms
[PRE] EnhancedSynapse42 spike=0.000 trace=0.000 t=173.000 ms
[POST] EnhancedSynapse42 spike=0.000 t=174.000 ms
[PRE] EnhancedSynapse42 spike=0.000 trace=0.000 t=175.000 ms
[POST] EnhancedSynapse42 spike=0.000 t=176.000 ms
[PRE] EnhancedSynapse42 spike=0.000 trace=0.000 t=177.000 ms
[POST] EnhancedSynapse42 spike=0.000 t=178.000 ms
[PRE] EnhancedSynapse42 spike=0.000 trace=0.000 t=179.000 ms
[POST] EnhancedSynapse42 spike=0.000 t=180.000 ms
[PRE] EnhancedSynapse42 spike=0.000 trace=0.000 t=181.000 ms
[POST] EnhancedSynapse42 spike=0.000 t=182.000 ms
[PRE] EnhancedSynapse42 spike=0.000 trace=0.000 t=183.000 ms
[POST] EnhancedSynapse42 spike=0.000 t=184.000 ms
[PRE] EnhancedSynapse42 spike=0.000 trace=0.000 t=185.000 ms
[POST] EnhancedSynapse42 spike=0.000 t=186.000 ms
[PRE] EnhancedSynapse42 spike=0.000 trace=0.000 t=187.000 ms
[POST] EnhancedSynapse42 spike=0.000 t=188.000 ms
[PRE] EnhancedSynapse42 spike=0.000 trace=0.000 t=189.000 ms
[POST] EnhancedSynapse42 spike=0.000 t=190.000 ms
[PRE] EnhancedSynapse42 spike=0.000 trace=0.000 t=191.000 ms
[POST] EnhancedSynapse42 spike=0.000 t=192.000 ms
[PRE] EnhancedSynapse42 spike=0.000 trace=0.000 t=193.000 ms
[POST] EnhancedSynapse42 spike=0.000 t=194.000 ms
[PRE] EnhancedSynapse42 spike=0.000 trace=0.000 t=195.000 ms
[POST] EnhancedSynapse42 spike=0.000 t=196.000 ms
[PRE] EnhancedSynapse42 spike=0.000 trace=0.000 t=197.000 ms
[POST] EnhancedSynapse42 spike=0.000 t=198.000 ms
[PRE] EnhancedSynapse42 spike=0.000 trace=0.000 t=199.000 ms
[POST] EnhancedSynapse42 spike=0.000 t=200.000 ms
[PRE] EnhancedSynapse42 spike=1.000 trace=0.100 t=201.000 ms
[POST] EnhancedSynapse42 spike=0.000 t=202.000 ms
[PRE] EnhancedSynapse42 spike=0.000 trace=0.100 t=203.000 ms
[POST] EnhancedSynapse42 spike=0.000 t=204.000 ms
[PRE] EnhancedSynapse42 spike=0.000 trace=0.100 t=205.000 ms
[POST] EnhancedSynapse42 spike=0.000 t=206.000 ms
[PRE] EnhancedSynapse42 spike=0.000 trace=0.100 t=207.000 ms
[POST] EnhancedSynapse42 spike=0.000 t=208.000 ms
[PRE] EnhancedSynapse42 spike=0.000 trace=0.100 t=209.000 ms
[POST] EnhancedSynapse42 spike=0.000 t=210.000 ms
[PRE] EnhancedSynapse42 spike=0.000 trace=0.100 t=211.000 ms
[POST] EnhancedSynapse42 spike=0.000 t=212.000 ms
[PRE] EnhancedSynapse42 spike=0.000 trace=0.100 t=213.000 ms
[POST] EnhancedSynapse42 spike=0.000 t=214.000 ms
[PRE] EnhancedSynapse42 spike=0.000 trace=0.100 t=215.000 ms
[POST] EnhancedSynapse42 spike=0.000 t=216.000 ms
[PRE] EnhancedSynapse42 spike=0.000 trace=0.100 t=217.000 ms
[POST] EnhancedSynapse42 spike=0.000 t=218.000 ms
[PRE] EnhancedSynapse42 spike=0.000 trace=0.100 t=219.000 ms
[POST] EnhancedSynapse42 spike=0.000 t=220.000 ms
[PRE] EnhancedSynapse42 spike=0.000 trace=0.100 t=221.000 ms
[POST] EnhancedSynapse42 spike=0.000 t=222.000 ms
[PRE] EnhancedSynapse42 spike=0.000 trace=0.100 t=223.000 ms
[POST] EnhancedSynapse42 spike=0.000 t=224.000 ms
[PRE] EnhancedSynapse42 spike=0.000 trace=0.100 t=225.000 ms
[POST] EnhancedSynapse42 spike=0.000 t=226.000 ms
[PRE] EnhancedSynapse42 spike=0.000 trace=0.100 t=227.000 ms
[POST] EnhancedSynapse42 spike=0.000 t=228.000 ms
[PRE] EnhancedSynapse42 spike=0.000 trace=0.100 t=229.000 ms
[POST] EnhancedSynapse42 spike=0.000 t=230.000 ms
[PRE] EnhancedSynapse42 spike=0.000 trace=0.100 t=231.000 ms
[POST] EnhancedSynapse42 spike=0.000 t=232.000 ms
[PRE] EnhancedSynapse42 spike=0.000 trace=0.100 t=233.000 ms
[POST] EnhancedSynapse42 spike=0.000 t=234.000 ms
[PRE] EnhancedSynapse42 spike=0.000 trace=0.100 t=235.000 ms
[POST] EnhancedSynapse42 spike=0.000 t=236.000 ms
[PRE] EnhancedSynapse42 spike=0.000 trace=0.100 t=237.000 ms
[POST] EnhancedSynapse42 spike=0.000 t=238.000 ms
[PRE] EnhancedSynapse42 spike=0.000 trace=0.100 t=239.000 ms
[POST] EnhancedSynapse42 spike=0.000 t=240.000 ms
[PRE] EnhancedSynapse42 spike=0.000 trace=0.100 t=241.000 ms
[POST] EnhancedSynapse42 spike=0.000 t=242.000 ms
[PRE] EnhancedSynapse42 spike=1.000 trace=0.195 t=243.000 ms
[POST] EnhancedSynapse42 spike=0.000 t=244.000 ms
Traceback (most recent call last):
  File "C:\Users\User\Desktop\Brain AI\cortex 4.2\cortex 4.2 v42\validator\validate_synapses_vs_allen.py", line 653, in <module>
    run_validation()
  File "C:\Users\User\Desktop\Brain AI\cortex 4.2\cortex 4.2 v42\validator\validate_synapses_vs_allen.py", line 595, in run_validation
    print(f"   ISI={isi}ms \u2192 PPR={ppr:.3f}")
  File "C:\Users\User\anaconda3\envs\cortex_clone\lib\encodings\cp1252.py", line 19, in encode
    return codecs.charmap_encode(input,self.errors,encoding_table)[0]
UnicodeEncodeError: 'charmap' codec can't encode character '\u2192' in position 12: character maps to <undefined>
